  main.cpp
D:\Workspace\DoHoaMayTinh\computer-graphics\opengl_demo\include\Vector_Matrix.h(1,10): warning C4067: unexpected tokens following preprocessor directive - expected a newline
D:\Workspace\DoHoaMayTinh\computer-graphics\opengl_demo\main.cpp(192,18): warning C4305: 'argument': truncation from 'double' to 'float'
D:\Workspace\DoHoaMayTinh\computer-graphics\opengl_demo\main.cpp(246,19): warning C4305: 'argument': truncation from 'double' to 'float'
D:\Workspace\DoHoaMayTinh\computer-graphics\opengl_demo\main.cpp(415,57): warning C4305: 'argument': truncation from 'double' to 'float'
D:\Workspace\DoHoaMayTinh\computer-graphics\opengl_demo\main.cpp(624,59): warning C4305: 'argument': truncation from 'double' to 'float'
D:\Workspace\DoHoaMayTinh\computer-graphics\opengl_demo\main.cpp(632,59): warning C4305: 'argument': truncation from 'double' to 'float'
D:\Workspace\DoHoaMayTinh\computer-graphics\opengl_demo\main.cpp(646,59): warning C4305: 'argument': truncation from 'double' to 'float'
D:\Workspace\DoHoaMayTinh\computer-graphics\opengl_demo\main.cpp(651,23): warning C4305: 'argument': truncation from 'double' to 'float'
D:\Workspace\DoHoaMayTinh\computer-graphics\opengl_demo\main.cpp(651,18): warning C4305: 'argument': truncation from 'double' to 'float'
D:\Workspace\DoHoaMayTinh\computer-graphics\opengl_demo\main.cpp(658,59): warning C4305: 'argument': truncation from 'double' to 'float'
D:\Workspace\DoHoaMayTinh\computer-graphics\opengl_demo\main.cpp(663,23): warning C4305: 'argument': truncation from 'double' to 'float'
D:\Workspace\DoHoaMayTinh\computer-graphics\opengl_demo\main.cpp(663,18): warning C4305: 'argument': truncation from 'double' to 'float'
D:\Workspace\DoHoaMayTinh\computer-graphics\opengl_demo\main.cpp(671,59): warning C4305: 'argument': truncation from 'double' to 'float'
D:\Workspace\DoHoaMayTinh\computer-graphics\opengl_demo\main.cpp(676,23): warning C4305: 'argument': truncation from 'double' to 'float'
D:\Workspace\DoHoaMayTinh\computer-graphics\opengl_demo\main.cpp(676,18): warning C4305: 'argument': truncation from 'double' to 'float'
D:\Workspace\DoHoaMayTinh\computer-graphics\opengl_demo\main.cpp(679,18): warning C4305: 'argument': truncation from 'double' to 'float'
D:\Workspace\DoHoaMayTinh\computer-graphics\opengl_demo\main.cpp(745,19): warning C4305: '-=': truncation from 'double' to 'GLfloat'
D:\Workspace\DoHoaMayTinh\computer-graphics\opengl_demo\main.cpp(746,45): warning C4305: '+=': truncation from 'double' to 'GLfloat'
D:\Workspace\DoHoaMayTinh\computer-graphics\opengl_demo\main.cpp(748,19): warning C4305: '+=': truncation from 'double' to 'GLfloat'
D:\Workspace\DoHoaMayTinh\computer-graphics\opengl_demo\main.cpp(749,45): warning C4305: '-=': truncation from 'double' to 'GLfloat'
  opengl_demo.vcxproj -> D:\Workspace\DoHoaMayTinh\computer-graphics\x64\Debug\opengl_demo.exe
